<?xml version="1.0" encoding="UTF-8"?>
<!-- Generated by org.testng.reporters.JUnitReportReporter -->
<testsuite hostname="GANESH" failures="0" tests="1" name="testPackage.RemoveProductFromCartTest" time="12.008" errors="0" timestamp="2025-06-09T18:36:14 IST" skipped="0">
  <testcase classname="testPackage.RemoveProductFromCartTest" name="removeProductTestCase" time="12.008">
    <system-out>
      <![CDATA[[Test Case --removeProductTestCase Started ]
[Test Case --removeProductTestCase Successfully Executed]]]>
    </system-out>
  </testcase> <!-- removeProductTestCase -->
  <system-out>
    <![CDATA[<test>--Testhas started execution
[Test Case --addToCartTC_001 Started ]
Product is added to cart !!!
[Test Case --addToCartTC_001 Successfully Executed]
[Test Case --removeProductTestCase Started ]
[Test Case --removeProductTestCase Successfully Executed]
[Test Case --buyProductTestCase Started ]
Order is Placed sucessfully  !!! 
[Test Case --buyProductTestCase Successfully Executed]]]>
  </system-out>
</testsuite> <!-- testPackage.RemoveProductFromCartTest -->
